-------------------------------------------------------------------------------
Test set: com.LockBox.LockBoxApplicationTests
-------------------------------------------------------------------------------
Tests run: 1, Failures: 0, Errors: 1, Skipped: 0, Time elapsed: 0.869 s <<< FAILURE! - in com.LockBox.LockBoxApplicationTests
contextLoads  Time elapsed: 0.001 s  <<< ERROR!
java.lang.IllegalStateException: Failed to load ApplicationContext
Caused by: org.springframework.beans.factory.BeanCreationException: Error creating bean with name 'jwtUtils': Injection of autowired dependencies failed; nested exception is java.lang.IllegalArgumentException: Could not resolve placeholder 'bezkoder.app.jwtSecret' in value "${bezkoder.app.jwtSecret}"
Caused by: java.lang.IllegalArgumentException: Could not resolve placeholder 'bezkoder.app.jwtSecret' in value "${bezkoder.app.jwtSecret}"

